<?xml version="1.0" encoding="UTF-8"?>
<!-- Generated by org.testng.reporters.JUnitXMLReporter -->
<testsuite ignored="21" hostname="AGI018865" failures="1" tests="1" name="All Web Tests" time="119.685" errors="0" timestamp="2025-07-21T11:10:44 GST">
  <testcase classname="com.agi.mobile.login.TC01_Mobile_LoginValid" name="mobileLoginValid" time="101.012">
    <failure type="org.openqa.selenium.TimeoutException" message="Expected condition failed: waiting for visibility of element located by By.xpath: //android.widget.TextView[@text=&amp;apos;Enter OrangeHRM URL&amp;apos;] (tried for 100 second(s) with 500 milliseconds interval)
Build info: version: &amp;apos;4.15.0&amp;apos;, revision: &amp;apos;1d14b5521b&amp;apos;
System info: os.name: &amp;apos;Windows 11&amp;apos;, os.arch: &amp;apos;amd64&amp;apos;, os.version: &amp;apos;10.0&amp;apos;, java.version: &amp;apos;21.0.7&amp;apos;
Driver info: io.appium.java_client.android.AndroidDriver
Capabilities {appium:appActivity: com.buddysapp.MainActivity, appium:appPackage: com.buddysapp.dev.revamp, appium:autoGrantPermissions: true, appium:automationName: UiAutomator2, appium:databaseEnabled: false, appium:desired: {appActivity: com.buddysapp.MainActivity, appPackage: com.buddysapp.dev.revamp, autoGrantPermissions: true, automationName: UiAutomator2, deviceName: RFCT20FMQYN, newCommandTimeout: 100000, platformName: ANDROID}, appium:deviceApiLevel: 33, appium:deviceManufacturer: samsung, appium:deviceModel: SM-N981B, appium:deviceName: RFCT20FMQYN, appium:deviceScreenDensity: 450, appium:deviceScreenSize: 1080x2400, appium:deviceUDID: RFCT20FMQYN, appium:javascriptEnabled: true, appium:locationContextEnabled: false, appium:networkConnectionEnabled: true, appium:newCommandTimeout: 100000, appium:pixelRatio: 2.8125, appium:platformVersion: 13, appium:statBarHeight: 92, appium:takesScreenshot: true, appium:viewportRect: {height: 2308, left: 0, top: 92, width: 1080}, appium:warnings: {}, appium:webStorageEnabled: false, platformName: ANDROID}
Session ID: c79ce07a-3579-48cc-bdbe-3e8bcc0b93ab">
      <![CDATA[org.openqa.selenium.TimeoutException: Expected condition failed: waiting for visibility of element located by By.xpath: //android.widget.TextView[@text='Enter OrangeHRM URL'] (tried for 100 second(s) with 500 milliseconds interval)
Build info: version: '4.15.0', revision: '1d14b5521b'
System info: os.name: 'Windows 11', os.arch: 'amd64', os.version: '10.0', java.version: '21.0.7'
Driver info: io.appium.java_client.android.AndroidDriver
Capabilities {appium:appActivity: com.buddysapp.MainActivity, appium:appPackage: com.buddysapp.dev.revamp, appium:autoGrantPermissions: true, appium:automationName: UiAutomator2, appium:databaseEnabled: false, appium:desired: {appActivity: com.buddysapp.MainActivity, appPackage: com.buddysapp.dev.revamp, autoGrantPermissions: true, automationName: UiAutomator2, deviceName: RFCT20FMQYN, newCommandTimeout: 100000, platformName: ANDROID}, appium:deviceApiLevel: 33, appium:deviceManufacturer: samsung, appium:deviceModel: SM-N981B, appium:deviceName: RFCT20FMQYN, appium:deviceScreenDensity: 450, appium:deviceScreenSize: 1080x2400, appium:deviceUDID: RFCT20FMQYN, appium:javascriptEnabled: true, appium:locationContextEnabled: false, appium:networkConnectionEnabled: true, appium:newCommandTimeout: 100000, appium:pixelRatio: 2.8125, appium:platformVersion: 13, appium:statBarHeight: 92, appium:takesScreenshot: true, appium:viewportRect: {height: 2308, left: 0, top: 92, width: 1080}, appium:warnings: {}, appium:webStorageEnabled: false, platformName: ANDROID}
Session ID: c79ce07a-3579-48cc-bdbe-3e8bcc0b93ab
at org.openqa.selenium.support.ui.WebDriverWait.timeoutException(WebDriverWait.java:84)
at org.openqa.selenium.support.ui.FluentWait.until(FluentWait.java:229)
at com.alghurair.mobile.Mobile.waitUntilVisibilityOfElement(Mobile.java:178)
at com.agi.mobile.pages.HomePage.waitForPageLoad(HomePage.java:44)
at com.agi.mobile.login.TC01_Mobile_LoginValid.mobileLoginValid(TC01_Mobile_LoginValid.java:14)
at java.base/java.util.concurrent.ThreadPoolExecutor.runWorker(ThreadPoolExecutor.java:1144)
at java.base/java.util.concurrent.ThreadPoolExecutor$Worker.run(ThreadPoolExecutor.java:642)
at java.base/java.lang.Thread.run(Thread.java:1583)
... Removed 10 stack frames]]>
    </failure>
  </testcase> <!-- mobileLoginValid -->
  <testcase classname="com.agi.web.base.AgiWebTest" name="@BeforeSuite beforeSuiteRewaa" time="0.0">
    <ignored/>
  </testcase> <!-- @BeforeSuite beforeSuiteRewaa -->
  <testcase classname="com.alghurair.base.WebBaseTest" name="@BeforeSuite beforeSuite" time="0.0">
    <ignored/>
  </testcase> <!-- @BeforeSuite beforeSuite -->
  <testcase classname="com.agi.mobile.login.TC01_Mobile_LoginInvalid" name="mobileLoginInvalid" time="0.0">
    <ignored/>
  </testcase> <!-- mobileLoginInvalid -->
  <testcase classname="com.alghurair.base.MobileBaseTest" name="@AfterSuite afterSuite" time="0.0">
    <ignored/>
  </testcase> <!-- @AfterSuite afterSuite -->
  <testcase classname="com.alghurair.base.APIBaseTest" name="@AfterSuite afterSuite" time="0.0">
    <ignored/>
  </testcase> <!-- @AfterSuite afterSuite -->
  <testcase classname="com.agi.web.base.AgiWebTest" name="@BeforeSuite beforeSuiteRewaa" time="0.0">
    <ignored/>
  </testcase> <!-- @BeforeSuite beforeSuiteRewaa -->
  <testcase classname="com.agi.mobile.base.AgiMobileTest" name="@BeforeSuite beforeSuiteRewaa" time="0.0">
    <ignored/>
  </testcase> <!-- @BeforeSuite beforeSuiteRewaa -->
  <testcase classname="com.alghurair.base.MobileBaseTest" name="@AfterSuite afterSuite" time="0.0">
    <ignored/>
  </testcase> <!-- @AfterSuite afterSuite -->
  <testcase classname="com.alghurair.base.APIBaseTest" name="@AfterSuite afterSuite" time="0.0">
    <ignored/>
  </testcase> <!-- @AfterSuite afterSuite -->
  <testcase classname="com.alghurair.base.WebBaseTest" name="@AfterSuite afterSuite" time="0.0">
    <ignored/>
  </testcase> <!-- @AfterSuite afterSuite -->
  <testcase classname="com.agi.api.login.TC02_API_LoginInvalid" name="apiLoginInvalid" time="0.0">
    <ignored/>
  </testcase> <!-- apiLoginInvalid -->
  <testcase classname="com.alghurair.base.WebBaseTest" name="@AfterSuite afterSuite" time="0.0">
    <ignored/>
  </testcase> <!-- @AfterSuite afterSuite -->
  <testcase classname="com.agi.mobile.base.AgiMobileTest" name="@BeforeSuite beforeSuiteRewaa" time="0.0">
    <ignored/>
  </testcase> <!-- @BeforeSuite beforeSuiteRewaa -->
  <testcase classname="com.agi.web.login.TC02_Web_LoginInvalid" name="loginInvalid" time="0.0">
    <ignored/>
  </testcase> <!-- loginInvalid -->
  <testcase classname="com.agi.api.login.TC01_API_LoginValid" name="apiLoginValid" time="0.0">
    <ignored/>
  </testcase> <!-- apiLoginValid -->
  <testcase classname="com.alghurair.base.APIBaseTest" name="@BeforeSuite beforeSuite" time="0.0">
    <ignored/>
  </testcase> <!-- @BeforeSuite beforeSuite -->
  <testcase classname="com.alghurair.base.MobileBaseTest" name="@BeforeSuite beforeSuite" time="0.0">
    <ignored/>
  </testcase> <!-- @BeforeSuite beforeSuite -->
  <testcase classname="com.alghurair.base.MobileBaseTest" name="@BeforeSuite beforeSuite" time="0.0">
    <ignored/>
  </testcase> <!-- @BeforeSuite beforeSuite -->
  <testcase classname="com.alghurair.base.WebBaseTest" name="@BeforeSuite beforeSuite" time="0.0">
    <ignored/>
  </testcase> <!-- @BeforeSuite beforeSuite -->
  <testcase classname="com.agi.web.login.TC01_Web_LoginValid" name="loginValid" time="0.0">
    <ignored/>
  </testcase> <!-- loginValid -->
  <testcase classname="com.alghurair.base.APIBaseTest" name="@BeforeSuite beforeSuite" time="0.0">
    <ignored/>
  </testcase> <!-- @BeforeSuite beforeSuite -->
</testsuite> <!-- All Web Tests -->
