<?xml version="1.0" encoding="UTF-8"?>
<!-- Generated by org.testng.reporters.JUnitXMLReporter -->
<testsuite ignored="42" hostname="AGI018865" failures="3" tests="3" name="All Web Tests" time="313.21" errors="0" timestamp="2025-10-09T11:22:47 GST">
  <testcase classname="com.agi.mobile.suites.sanitypack.sanitySuite" name="loginValidDriverID" time="98.816">
    <failure type="org.openqa.selenium.WebDriverException" message="An unknown server-side error occurred while processing the command. Original error: &amp;apos;POST /element&amp;apos; cannot be proxied to UiAutomator2 server because the instrumentation process is not running (probably crashed). Check the server log and/or the logcat output for more details
Build info: version: &amp;apos;4.15.0&amp;apos;, revision: &amp;apos;1d14b5521b&amp;apos;
System info: os.name: &amp;apos;Windows 11&amp;apos;, os.arch: &amp;apos;amd64&amp;apos;, os.version: &amp;apos;10.0&amp;apos;, java.version: &amp;apos;21.0.7&amp;apos;
Driver info: io.appium.java_client.android.AndroidDriver
Command: [a8dcbbfb-fe8e-438f-a3aa-588a86692d92, findElement {using=xpath, value=//android.widget.TextView[@text=&amp;apos;UAT&amp;apos;]}]
Capabilities {appium:appActivity: com.relyapp.MainActivity, appium:appPackage: com.relyapp, appium:autoAcceptAlerts: true, appium:autoDismissAlerts: true, appium:autoGrantPermissions: true, appium:automationName: UiAutomator2, appium:databaseEnabled: false, appium:desired: {appActivity: com.relyapp.MainActivity, appPackage: com.relyapp, autoAcceptAlerts: true, autoDismissAlerts: true, autoGrantPermissions: true, automationName: UiAutomator2, deviceName: RFCT20FMQYN, fullReset: false, newCommandTimeout: 100000, noReset: true, platformName: ANDROID, skipServerInstallation: false, unicodeKeyboard: true}, appium:deviceApiLevel: 33, appium:deviceManufacturer: samsung, appium:deviceModel: SM-N981B, appium:deviceName: RFCT20FMQYN, appium:deviceScreenDensity: 450, appium:deviceScreenSize: 1080x2400, appium:deviceUDID: RFCT20FMQYN, appium:fullReset: false, appium:javascriptEnabled: true, appium:locationContextEnabled: false, appium:networkConnectionEnabled: true, appium:newCommandTimeout: 100000, appium:noReset: true, appium:pixelRatio: 2.8125, appium:platformVersion: 13, appium:skipServerInstallation: false, appium:statBarHeight: 92, appium:takesScreenshot: true, appium:unicodeKeyboard: true, appium:viewportRect: {height: 2308, left: 0, top: 92, width: 1080}, appium:warnings: {}, appium:webStorageEnabled: false, platformName: ANDROID}
Session ID: a8dcbbfb-fe8e-438f-a3aa-588a86692d92">
      <![CDATA[org.openqa.selenium.WebDriverException: An unknown server-side error occurred while processing the command. Original error: 'POST /element' cannot be proxied to UiAutomator2 server because the instrumentation process is not running (probably crashed). Check the server log and/or the logcat output for more details
Build info: version: '4.15.0', revision: '1d14b5521b'
System info: os.name: 'Windows 11', os.arch: 'amd64', os.version: '10.0', java.version: '21.0.7'
Driver info: io.appium.java_client.android.AndroidDriver
Command: [a8dcbbfb-fe8e-438f-a3aa-588a86692d92, findElement {using=xpath, value=//android.widget.TextView[@text='UAT']}]
Capabilities {appium:appActivity: com.relyapp.MainActivity, appium:appPackage: com.relyapp, appium:autoAcceptAlerts: true, appium:autoDismissAlerts: true, appium:autoGrantPermissions: true, appium:automationName: UiAutomator2, appium:databaseEnabled: false, appium:desired: {appActivity: com.relyapp.MainActivity, appPackage: com.relyapp, autoAcceptAlerts: true, autoDismissAlerts: true, autoGrantPermissions: true, automationName: UiAutomator2, deviceName: RFCT20FMQYN, fullReset: false, newCommandTimeout: 100000, noReset: true, platformName: ANDROID, skipServerInstallation: false, unicodeKeyboard: true}, appium:deviceApiLevel: 33, appium:deviceManufacturer: samsung, appium:deviceModel: SM-N981B, appium:deviceName: RFCT20FMQYN, appium:deviceScreenDensity: 450, appium:deviceScreenSize: 1080x2400, appium:deviceUDID: RFCT20FMQYN, appium:fullReset: false, appium:javascriptEnabled: true, appium:locationContextEnabled: false, appium:networkConnectionEnabled: true, appium:newCommandTimeout: 100000, appium:noReset: true, appium:pixelRatio: 2.8125, appium:platformVersion: 13, appium:skipServerInstallation: false, appium:statBarHeight: 92, appium:takesScreenshot: true, appium:unicodeKeyboard: true, appium:viewportRect: {height: 2308, left: 0, top: 92, width: 1080}, appium:warnings: {}, appium:webStorageEnabled: false, platformName: ANDROID}
Session ID: a8dcbbfb-fe8e-438f-a3aa-588a86692d92
at org.openqa.selenium.remote.codec.w3c.W3CHttpResponseCodec.createException(W3CHttpResponseCodec.java:200)
at org.openqa.selenium.remote.codec.w3c.W3CHttpResponseCodec.decode(W3CHttpResponseCodec.java:133)
at org.openqa.selenium.remote.codec.w3c.W3CHttpResponseCodec.decode(W3CHttpResponseCodec.java:52)
at org.openqa.selenium.remote.HttpCommandExecutor.execute(HttpCommandExecutor.java:191)
at io.appium.java_client.remote.AppiumCommandExecutor.execute(AppiumCommandExecutor.java:238)
at org.openqa.selenium.remote.RemoteWebDriver.execute(RemoteWebDriver.java:607)
at org.openqa.selenium.remote.ElementLocation$ElementFinder$2.findElement(ElementLocation.java:165)
at org.openqa.selenium.remote.ElementLocation.findElement(ElementLocation.java:59)
at org.openqa.selenium.remote.RemoteWebDriver.findElement(RemoteWebDriver.java:364)
at org.openqa.selenium.remote.RemoteWebDriver.findElement(RemoteWebDriver.java:358)
at org.openqa.selenium.support.ui.ExpectedConditions$7.apply(ExpectedConditions.java:194)
at org.openqa.selenium.support.ui.ExpectedConditions$7.apply(ExpectedConditions.java:190)
at org.openqa.selenium.support.ui.ExpectedConditions$22.apply(ExpectedConditions.java:627)
at org.openqa.selenium.support.ui.ExpectedConditions$22.apply(ExpectedConditions.java:624)
at org.openqa.selenium.support.ui.FluentWait.until(FluentWait.java:204)
at com.alghurair.mobile.Mobile.waitUntilElementToBeClickable(Mobile.java:200)
at com.agi.mobile.pages.LoginPage.clickUAT(LoginPage.java:74)
at com.agi.mobile.pages.LoginPage.selectEnvironment(LoginPage.java:100)
at com.agi.mobile.suites.sanitypack.sanitySuite.loginValidDriverID(sanitySuite.java:22)
at java.base/java.util.concurrent.ThreadPoolExecutor.runWorker(ThreadPoolExecutor.java:1144)
at java.base/java.util.concurrent.ThreadPoolExecutor$Worker.run(ThreadPoolExecutor.java:642)
at java.base/java.lang.Thread.run(Thread.java:1583)
... Removed 13 stack frames]]>
    </failure>
  </testcase> <!-- loginValidDriverID -->
  <testcase classname="com.agi.mobile.suites.sanitypack.sanitySuite" name="loginInvalidDriverID" time="100.65">
    <failure type="org.openqa.selenium.TimeoutException" message="Expected condition failed: waiting for element to be clickable: By.xpath: //android.widget.TextView[@text=&amp;apos;UAT&amp;apos;] (tried for 100 second(s) with 500 milliseconds interval)
Build info: version: &amp;apos;4.15.0&amp;apos;, revision: &amp;apos;1d14b5521b&amp;apos;
System info: os.name: &amp;apos;Windows 11&amp;apos;, os.arch: &amp;apos;amd64&amp;apos;, os.version: &amp;apos;10.0&amp;apos;, java.version: &amp;apos;21.0.7&amp;apos;
Driver info: io.appium.java_client.android.AndroidDriver
Capabilities {appium:appActivity: com.relyapp.MainActivity, appium:appPackage: com.relyapp, appium:autoAcceptAlerts: true, appium:autoDismissAlerts: true, appium:autoGrantPermissions: true, appium:automationName: UiAutomator2, appium:databaseEnabled: false, appium:desired: {appActivity: com.relyapp.MainActivity, appPackage: com.relyapp, autoAcceptAlerts: true, autoDismissAlerts: true, autoGrantPermissions: true, automationName: UiAutomator2, deviceName: RFCT20FMQYN, fullReset: false, newCommandTimeout: 100000, noReset: true, platformName: ANDROID, skipServerInstallation: false, unicodeKeyboard: true}, appium:deviceApiLevel: 33, appium:deviceManufacturer: samsung, appium:deviceModel: SM-N981B, appium:deviceName: RFCT20FMQYN, appium:deviceScreenDensity: 450, appium:deviceScreenSize: 1080x2400, appium:deviceUDID: RFCT20FMQYN, appium:fullReset: false, appium:javascriptEnabled: true, appium:locationContextEnabled: false, appium:networkConnectionEnabled: true, appium:newCommandTimeout: 100000, appium:noReset: true, appium:pixelRatio: 2.8125, appium:platformVersion: 13, appium:skipServerInstallation: false, appium:statBarHeight: 92, appium:takesScreenshot: true, appium:unicodeKeyboard: true, appium:viewportRect: {height: 2308, left: 0, top: 92, width: 1080}, appium:warnings: {}, appium:webStorageEnabled: false, platformName: ANDROID}
Session ID: c24e4762-f32d-42e5-b10c-03888785b2f7">
      <![CDATA[org.openqa.selenium.TimeoutException: Expected condition failed: waiting for element to be clickable: By.xpath: //android.widget.TextView[@text='UAT'] (tried for 100 second(s) with 500 milliseconds interval)
Build info: version: '4.15.0', revision: '1d14b5521b'
System info: os.name: 'Windows 11', os.arch: 'amd64', os.version: '10.0', java.version: '21.0.7'
Driver info: io.appium.java_client.android.AndroidDriver
Capabilities {appium:appActivity: com.relyapp.MainActivity, appium:appPackage: com.relyapp, appium:autoAcceptAlerts: true, appium:autoDismissAlerts: true, appium:autoGrantPermissions: true, appium:automationName: UiAutomator2, appium:databaseEnabled: false, appium:desired: {appActivity: com.relyapp.MainActivity, appPackage: com.relyapp, autoAcceptAlerts: true, autoDismissAlerts: true, autoGrantPermissions: true, automationName: UiAutomator2, deviceName: RFCT20FMQYN, fullReset: false, newCommandTimeout: 100000, noReset: true, platformName: ANDROID, skipServerInstallation: false, unicodeKeyboard: true}, appium:deviceApiLevel: 33, appium:deviceManufacturer: samsung, appium:deviceModel: SM-N981B, appium:deviceName: RFCT20FMQYN, appium:deviceScreenDensity: 450, appium:deviceScreenSize: 1080x2400, appium:deviceUDID: RFCT20FMQYN, appium:fullReset: false, appium:javascriptEnabled: true, appium:locationContextEnabled: false, appium:networkConnectionEnabled: true, appium:newCommandTimeout: 100000, appium:noReset: true, appium:pixelRatio: 2.8125, appium:platformVersion: 13, appium:skipServerInstallation: false, appium:statBarHeight: 92, appium:takesScreenshot: true, appium:unicodeKeyboard: true, appium:viewportRect: {height: 2308, left: 0, top: 92, width: 1080}, appium:warnings: {}, appium:webStorageEnabled: false, platformName: ANDROID}
Session ID: c24e4762-f32d-42e5-b10c-03888785b2f7
at org.openqa.selenium.support.ui.WebDriverWait.timeoutException(WebDriverWait.java:84)
at org.openqa.selenium.support.ui.FluentWait.until(FluentWait.java:229)
at com.alghurair.mobile.Mobile.waitUntilElementToBeClickable(Mobile.java:200)
at com.agi.mobile.pages.LoginPage.clickUAT(LoginPage.java:74)
at com.agi.mobile.pages.LoginPage.selectEnvironment(LoginPage.java:100)
at com.agi.mobile.suites.sanitypack.sanitySuite.loginInvalidDriverID(sanitySuite.java:52)
at java.base/java.util.concurrent.ThreadPoolExecutor.runWorker(ThreadPoolExecutor.java:1144)
at java.base/java.util.concurrent.ThreadPoolExecutor$Worker.run(ThreadPoolExecutor.java:642)
at java.base/java.lang.Thread.run(Thread.java:1583)
... Removed 10 stack frames]]>
    </failure>
  </testcase> <!-- loginInvalidDriverID -->
  <testcase classname="com.agi.mobile.suites.sanitypack.sanitySuite" name="loginInvalidOtp" time="101.031">
    <failure type="org.openqa.selenium.TimeoutException" message="Expected condition failed: waiting for element to be clickable: By.xpath: //android.widget.TextView[@text=&amp;apos;UAT&amp;apos;] (tried for 100 second(s) with 500 milliseconds interval)
Build info: version: &amp;apos;4.15.0&amp;apos;, revision: &amp;apos;1d14b5521b&amp;apos;
System info: os.name: &amp;apos;Windows 11&amp;apos;, os.arch: &amp;apos;amd64&amp;apos;, os.version: &amp;apos;10.0&amp;apos;, java.version: &amp;apos;21.0.7&amp;apos;
Driver info: io.appium.java_client.android.AndroidDriver
Capabilities {appium:appActivity: com.relyapp.MainActivity, appium:appPackage: com.relyapp, appium:autoAcceptAlerts: true, appium:autoDismissAlerts: true, appium:autoGrantPermissions: true, appium:automationName: UiAutomator2, appium:databaseEnabled: false, appium:desired: {appActivity: com.relyapp.MainActivity, appPackage: com.relyapp, autoAcceptAlerts: true, autoDismissAlerts: true, autoGrantPermissions: true, automationName: UiAutomator2, deviceName: RFCT20FMQYN, fullReset: false, newCommandTimeout: 100000, noReset: true, platformName: ANDROID, skipServerInstallation: false, unicodeKeyboard: true}, appium:deviceApiLevel: 33, appium:deviceManufacturer: samsung, appium:deviceModel: SM-N981B, appium:deviceName: RFCT20FMQYN, appium:deviceScreenDensity: 450, appium:deviceScreenSize: 1080x2400, appium:deviceUDID: RFCT20FMQYN, appium:fullReset: false, appium:javascriptEnabled: true, appium:locationContextEnabled: false, appium:networkConnectionEnabled: true, appium:newCommandTimeout: 100000, appium:noReset: true, appium:pixelRatio: 2.8125, appium:platformVersion: 13, appium:skipServerInstallation: false, appium:statBarHeight: 92, appium:takesScreenshot: true, appium:unicodeKeyboard: true, appium:viewportRect: {height: 2308, left: 0, top: 92, width: 1080}, appium:warnings: {}, appium:webStorageEnabled: false, platformName: ANDROID}
Session ID: 321d914f-7bcb-4121-9243-e661dcb73566">
      <![CDATA[org.openqa.selenium.TimeoutException: Expected condition failed: waiting for element to be clickable: By.xpath: //android.widget.TextView[@text='UAT'] (tried for 100 second(s) with 500 milliseconds interval)
Build info: version: '4.15.0', revision: '1d14b5521b'
System info: os.name: 'Windows 11', os.arch: 'amd64', os.version: '10.0', java.version: '21.0.7'
Driver info: io.appium.java_client.android.AndroidDriver
Capabilities {appium:appActivity: com.relyapp.MainActivity, appium:appPackage: com.relyapp, appium:autoAcceptAlerts: true, appium:autoDismissAlerts: true, appium:autoGrantPermissions: true, appium:automationName: UiAutomator2, appium:databaseEnabled: false, appium:desired: {appActivity: com.relyapp.MainActivity, appPackage: com.relyapp, autoAcceptAlerts: true, autoDismissAlerts: true, autoGrantPermissions: true, automationName: UiAutomator2, deviceName: RFCT20FMQYN, fullReset: false, newCommandTimeout: 100000, noReset: true, platformName: ANDROID, skipServerInstallation: false, unicodeKeyboard: true}, appium:deviceApiLevel: 33, appium:deviceManufacturer: samsung, appium:deviceModel: SM-N981B, appium:deviceName: RFCT20FMQYN, appium:deviceScreenDensity: 450, appium:deviceScreenSize: 1080x2400, appium:deviceUDID: RFCT20FMQYN, appium:fullReset: false, appium:javascriptEnabled: true, appium:locationContextEnabled: false, appium:networkConnectionEnabled: true, appium:newCommandTimeout: 100000, appium:noReset: true, appium:pixelRatio: 2.8125, appium:platformVersion: 13, appium:skipServerInstallation: false, appium:statBarHeight: 92, appium:takesScreenshot: true, appium:unicodeKeyboard: true, appium:viewportRect: {height: 2308, left: 0, top: 92, width: 1080}, appium:warnings: {}, appium:webStorageEnabled: false, platformName: ANDROID}
Session ID: 321d914f-7bcb-4121-9243-e661dcb73566
at org.openqa.selenium.support.ui.WebDriverWait.timeoutException(WebDriverWait.java:84)
at org.openqa.selenium.support.ui.FluentWait.until(FluentWait.java:229)
at com.alghurair.mobile.Mobile.waitUntilElementToBeClickable(Mobile.java:200)
at com.agi.mobile.pages.LoginPage.clickUAT(LoginPage.java:74)
at com.agi.mobile.pages.LoginPage.selectEnvironment(LoginPage.java:100)
at com.agi.mobile.suites.sanitypack.sanitySuite.loginInvalidOtp(sanitySuite.java:68)
at java.base/java.util.concurrent.ThreadPoolExecutor.runWorker(ThreadPoolExecutor.java:1144)
at java.base/java.util.concurrent.ThreadPoolExecutor$Worker.run(ThreadPoolExecutor.java:642)
at java.base/java.lang.Thread.run(Thread.java:1583)
... Removed 10 stack frames]]>
    </failure>
  </testcase> <!-- loginInvalidOtp -->
  <testcase classname="com.alghurair.base.APIBaseTest" name="@BeforeSuite beforeSuite" time="0.0">
    <ignored/>
  </testcase> <!-- @BeforeSuite beforeSuite -->
  <testcase classname="com.agi.api.suites.regressionpack.RelyApp" name="retrieveEmployeeRecordResidenceVisa" time="0.0">
    <ignored/>
  </testcase> <!-- retrieveEmployeeRecordResidenceVisa -->
  <testcase classname="com.agi.api.suites.regressionpack.RelyApp" name="retrieveEmployeeDetails" time="0.0">
    <ignored/>
  </testcase> <!-- retrieveEmployeeDetails -->
  <testcase classname="com.alghurair.base.MobileBaseTest" name="@AfterSuite afterSuite" time="0.0">
    <ignored/>
  </testcase> <!-- @AfterSuite afterSuite -->
  <testcase classname="com.agi.mobile.base.AgiMobileTest" name="@BeforeSuite beforeSuiteRewaa" time="0.0">
    <ignored/>
  </testcase> <!-- @BeforeSuite beforeSuiteRewaa -->
  <testcase classname="com.agi.web.login.TC01_Web_LoginValid" name="cafmtestcheck" time="0.0">
    <ignored/>
  </testcase> <!-- cafmtestcheck -->
  <testcase classname="com.agi.mobile.suites.TC01_Mobile_LoginValid" name="loginValidDriverIDX" time="0.0">
    <ignored/>
  </testcase> <!-- loginValidDriverIDX -->
  <testcase classname="com.agi.web.login.TC01_Web_LoginValid" name="loginValid" time="0.0">
    <ignored/>
  </testcase> <!-- loginValid -->
  <testcase classname="com.alghurair.base.MobileBaseTest" name="@AfterSuite afterSuite" time="0.0">
    <ignored/>
  </testcase> <!-- @AfterSuite afterSuite -->
  <testcase classname="com.alghurair.base.MobileBaseTest" name="@BeforeSuite beforeSuite" time="0.0">
    <ignored/>
  </testcase> <!-- @BeforeSuite beforeSuite -->
  <testcase classname="com.alghurair.base.MobileBaseTest" name="@BeforeSuite beforeSuite" time="0.0">
    <ignored/>
  </testcase> <!-- @BeforeSuite beforeSuite -->
  <testcase classname="com.alghurair.base.WebBaseTest" name="@AfterSuite afterSuite" time="0.0">
    <ignored/>
  </testcase> <!-- @AfterSuite afterSuite -->
  <testcase classname="com.alghurair.base.APIBaseTest" name="@AfterSuite afterSuite" time="0.0">
    <ignored/>
  </testcase> <!-- @AfterSuite afterSuite -->
  <testcase classname="com.alghurair.base.WebBaseTest" name="@BeforeSuite beforeSuite" time="0.0">
    <ignored/>
  </testcase> <!-- @BeforeSuite beforeSuite -->
  <testcase classname="com.agi.web.base.AgiWebTest" name="@BeforeSuite beforeSuiteRewaa" time="0.0">
    <ignored/>
  </testcase> <!-- @BeforeSuite beforeSuiteRewaa -->
  <testcase classname="com.agi.mobile.suites.TC01_Mobile_LoginValid" name="loginInvalidDriverIDX" time="0.0">
    <ignored/>
  </testcase> <!-- loginInvalidDriverIDX -->
  <testcase classname="com.agi.mobile.suites.TC01_Mobile_LoginValid" name="loginInvalidOtpX" time="0.0">
    <ignored/>
  </testcase> <!-- loginInvalidOtpX -->
  <testcase classname="com.agi.mobile.base.AgiMobileTest" name="@BeforeSuite beforeSuiteRewaa" time="0.0">
    <ignored/>
  </testcase> <!-- @BeforeSuite beforeSuiteRewaa -->
  <testcase classname="com.alghurair.base.WebBaseTest" name="@BeforeSuite beforeSuite" time="0.0">
    <ignored/>
  </testcase> <!-- @BeforeSuite beforeSuite -->
  <testcase classname="com.agi.web.login.TC02_Web_LoginInvalid" name="loginInvalid" time="0.0">
    <ignored/>
  </testcase> <!-- loginInvalid -->
  <testcase classname="com.agi.web.base.AgiWebTest" name="@BeforeSuite beforeSuiteRewaa" time="0.0">
    <ignored/>
  </testcase> <!-- @BeforeSuite beforeSuiteRewaa -->
  <testcase classname="com.agi.api.suites.regressionpack.RelyApp" name="addEmergencyContact" time="0.0">
    <ignored/>
  </testcase> <!-- addEmergencyContact -->
  <testcase classname="com.agi.api.suites.regressionpack.RelyApp" name="retrieveEmployeeRecordDriversLicense" time="0.0">
    <ignored/>
  </testcase> <!-- retrieveEmployeeRecordDriversLicense -->
  <testcase classname="com.alghurair.base.APIBaseTest" name="@AfterSuite afterSuite" time="0.0">
    <ignored/>
  </testcase> <!-- @AfterSuite afterSuite -->
  <testcase classname="com.alghurair.base.MobileBaseTest" name="@AfterSuite afterSuite" time="0.0">
    <ignored/>
  </testcase> <!-- @AfterSuite afterSuite -->
  <testcase classname="com.agi.E2E.suites.cafmE2ESuite" name="cafmWOCreateVerifyWebUI" time="0.0">
    <ignored/>
  </testcase> <!-- cafmWOCreateVerifyWebUI -->
  <testcase classname="com.alghurair.base.WebBaseTest" name="@AfterSuite afterSuite" time="0.0">
    <ignored/>
  </testcase> <!-- @AfterSuite afterSuite -->
  <testcase classname="com.agi.api.suites.regressionpack.regressionSuite" name="cafmCreateWorkOrder" time="0.0">
    <ignored/>
  </testcase> <!-- cafmCreateWorkOrder -->
  <testcase classname="com.agi.api.suites.regressionpack.RelyApp" name="retrieveEmployeeRecordEmiratesID" time="0.0">
    <ignored/>
  </testcase> <!-- retrieveEmployeeRecordEmiratesID -->
  <testcase classname="com.alghurair.base.MobileBaseTest" name="@BeforeSuite beforeSuite" time="0.0">
    <ignored/>
  </testcase> <!-- @BeforeSuite beforeSuite -->
  <testcase classname="com.agi.api.suites.regressionpack.RelyApp" name="retrieveEmployeeRecordSalaryCertificate" time="0.0">
    <ignored/>
  </testcase> <!-- retrieveEmployeeRecordSalaryCertificate -->
  <testcase classname="com.agi.web.base.AgiWebTest" name="@BeforeSuite beforeSuiteRewaa" time="0.0">
    <ignored/>
  </testcase> <!-- @BeforeSuite beforeSuiteRewaa -->
  <testcase classname="com.agi.api.suites.regressionpack.RelyApp" name="retrieveEmployeeRecordHealthInsurance" time="0.0">
    <ignored/>
  </testcase> <!-- retrieveEmployeeRecordHealthInsurance -->
  <testcase classname="com.alghurair.base.APIBaseTest" name="@BeforeSuite beforeSuite" time="0.0">
    <ignored/>
  </testcase> <!-- @BeforeSuite beforeSuite -->
  <testcase classname="com.alghurair.base.WebBaseTest" name="@BeforeSuite beforeSuite" time="0.0">
    <ignored/>
  </testcase> <!-- @BeforeSuite beforeSuite -->
  <testcase classname="com.alghurair.base.WebBaseTest" name="@AfterSuite afterSuite" time="0.0">
    <ignored/>
  </testcase> <!-- @AfterSuite afterSuite -->
  <testcase classname="com.agi.mobile.base.AgiMobileTest" name="@BeforeSuite beforeSuiteRewaa" time="0.0">
    <ignored/>
  </testcase> <!-- @BeforeSuite beforeSuiteRewaa -->
  <testcase classname="com.agi.api.suites.regressionpack.RelyApp" name="retrieveEmployeeRecordPassPort" time="0.0">
    <ignored/>
  </testcase> <!-- retrieveEmployeeRecordPassPort -->
  <testcase classname="com.agi.api.suites.regressionpack.RelyApp" name="retrieveEmergencyContactsDetail" time="0.0">
    <ignored/>
  </testcase> <!-- retrieveEmergencyContactsDetail -->
  <testcase classname="com.agi.api.suites.regressionpack.RelyApp" name="retrieveEmployeeRecordWorkPermit" time="0.0">
    <ignored/>
  </testcase> <!-- retrieveEmployeeRecordWorkPermit -->
  <testcase classname="com.agi.mobile.suites.sanitypack.sanitySuite" name="entryPointScreenValidation" time="0.0">
    <ignored/>
  </testcase> <!-- entryPointScreenValidation -->
  <testcase classname="com.agi.mobile.suites.TC01_Mobile_LoginInvalid" name="mobileLoginInvalidX" time="0.0">
    <ignored/>
  </testcase> <!-- mobileLoginInvalidX -->
</testsuite> <!-- All Web Tests -->
