<?xml version="1.0" encoding="UTF-8"?>
<testng-results ignored="0" total="3" passed="2" failed="1" skipped="0">
  <reporter-output>
  </reporter-output>
  <suite started-at="2025-08-06T10:23:39 GST" name="Test Suite" finished-at="2025-08-06T10:26:42 GST" duration-ms="182960">
    <groups>
    </groups>
    <test started-at="2025-08-06T10:23:39 GST" name="All Web Tests" finished-at="2025-08-06T10:26:42 GST" duration-ms="182960">
      <class name="com.agi.api.login.TC01_API_LoginValid">
        <test-method is-config="true" signature="beforeSuite()[pri:0, instance:com.agi.api.login.TC01_API_LoginValid@628b9af5]" started-at="2025-08-06T10:23:39 GST" name="beforeSuite" finished-at="2025-08-06T10:23:39 GST" duration-ms="108" status="PASS">
          <reporter-output>
          </reporter-output>
        </test-method> <!-- beforeSuite -->
        <test-method is-config="true" signature="afterSuite()[pri:0, instance:com.agi.api.login.TC01_API_LoginValid@628b9af5]" started-at="2025-08-06T10:26:42 GST" name="afterSuite" finished-at="2025-08-06T10:26:42 GST" duration-ms="0" status="PASS">
          <reporter-output>
          </reporter-output>
        </test-method> <!-- afterSuite -->
      </class> <!-- com.agi.api.login.TC01_API_LoginValid -->
      <class name="com.agi.mobile.suites.sanitypack.Sanity_Suite">
        <test-method is-config="true" signature="beforeSuite()[pri:0, instance:com.agi.mobile.suites.sanitypack.Sanity_Suite@2a728076]" started-at="2025-08-06T10:23:38 GST" name="beforeSuite" finished-at="2025-08-06T10:23:39 GST" duration-ms="497" status="PASS">
          <reporter-output>
          </reporter-output>
        </test-method> <!-- beforeSuite -->
        <test-method is-config="true" signature="beforeSuiteRewaa()[pri:0, instance:com.agi.mobile.suites.sanitypack.Sanity_Suite@2a728076]" started-at="2025-08-06T10:23:39 GST" name="beforeSuiteRewaa" finished-at="2025-08-06T10:23:39 GST" depends-on-methods="com.alghurair.base.MobileBaseTest.beforeSuite" duration-ms="63" status="PASS">
          <reporter-output>
          </reporter-output>
        </test-method> <!-- beforeSuiteRewaa -->
        <test-method is-config="true" signature="beforeMethod(org.testng.ITestResult,org.testng.ITestContext,[Ljava.lang.Object;)[pri:0, instance:com.agi.mobile.suites.sanitypack.Sanity_Suite@2a728076]" started-at="2025-08-06T10:23:39 GST" name="beforeMethod" finished-at="2025-08-06T10:23:43 GST" duration-ms="4236" status="PASS">
          <params>
            <param index="0">
              <value>
                <![CDATA[[TestResult name={null} status=CREATED method=Sanity_Suite.loginValidDriverID(java.util.Map)[pri:5, instance:com.agi.mobile.suites.sanitypack.Sanity_Suite@2a728076] output={null}]]]>
              </value>
            </param>
            <param index="1">
              <value>
                <![CDATA[org.testng.TestRunner@50ccd6a]]>
              </value>
            </param>
            <param index="2">
              <value>
                <![CDATA[[Ljava.lang.Object;@6bb2dae6]]>
              </value>
            </param>
          </params>
          <reporter-output>
          </reporter-output>
        </test-method> <!-- beforeMethod -->
        <test-method signature="loginValidDriverID(java.util.Map)[pri:5, instance:com.agi.mobile.suites.sanitypack.Sanity_Suite@2a728076]" started-at="2025-08-06T10:23:43 GST" name="loginValidDriverID" description="Scenario: Login with valid Driver ID on Mobile
- Given a mobile user exists with a valid Driver ID
- When the user logs in with correct credentials
- Then the login should be successful
- And the user dashboard should be displayed" data-provider="testDataProvider" finished-at="2025-08-06T10:24:26 GST" duration-ms="42593" status="PASS">
          <params>
            <param index="0">
              <value>
                <![CDATA[{Driverid=3114791, OTP=123456, InvalidOTP=, Reference=ValidUser}]]>
              </value>
            </param>
          </params>
          <reporter-output>
          </reporter-output>
        </test-method> <!-- loginValidDriverID -->
        <test-method is-config="true" signature="afterMethod()[pri:0, instance:com.agi.mobile.suites.sanitypack.Sanity_Suite@2a728076]" started-at="2025-08-06T10:24:26 GST" name="afterMethod" finished-at="2025-08-06T10:24:26 GST" duration-ms="400" status="PASS">
          <reporter-output>
          </reporter-output>
        </test-method> <!-- afterMethod -->
        <test-method is-config="true" signature="beforeMethod(org.testng.ITestResult,org.testng.ITestContext,[Ljava.lang.Object;)[pri:0, instance:com.agi.mobile.suites.sanitypack.Sanity_Suite@2a728076]" started-at="2025-08-06T10:24:26 GST" name="beforeMethod" finished-at="2025-08-06T10:24:29 GST" duration-ms="2291" status="PASS">
          <params>
            <param index="0">
              <value>
                <![CDATA[[TestResult name={null} status=CREATED method=Sanity_Suite.loginInvalidDriverID(java.util.Map)[pri:6, instance:com.agi.mobile.suites.sanitypack.Sanity_Suite@2a728076] output={null}]]]>
              </value>
            </param>
            <param index="1">
              <value>
                <![CDATA[org.testng.TestRunner@50ccd6a]]>
              </value>
            </param>
            <param index="2">
              <value>
                <![CDATA[[Ljava.lang.Object;@26c7940a]]>
              </value>
            </param>
          </params>
          <reporter-output>
          </reporter-output>
        </test-method> <!-- beforeMethod -->
        <test-method signature="loginInvalidDriverID(java.util.Map)[pri:6, instance:com.agi.mobile.suites.sanitypack.Sanity_Suite@2a728076]" started-at="2025-08-06T10:24:29 GST" name="loginInvalidDriverID" description="Scenario: Login with invalid Driver ID on Mobile
- Given a mobile user enters an invalid Driver ID
- When the user attempts to log in
- Then an error message should be displayed indicating the user does not exist" data-provider="testDataProvider" finished-at="2025-08-06T10:26:15 GST" duration-ms="106328" status="FAIL">
          <params>
            <param index="0">
              <value>
                <![CDATA[{Driverid=1234567, OTP=123456, InvalidOTP=, Reference=InvalidUser}]]>
              </value>
            </param>
          </params>
          <exception class="org.openqa.selenium.TimeoutException">
            <message>
              <![CDATA[Expected condition failed: waiting for visibility of element located by By.xpath: //android.widget.TextView[@text="User does not exist"] (tried for 100 second(s) with 500 milliseconds interval)
Build info: version: '4.15.0', revision: '1d14b5521b'
System info: os.name: 'Windows 11', os.arch: 'amd64', os.version: '10.0', java.version: '21.0.7'
Driver info: io.appium.java_client.android.AndroidDriver
Capabilities {appium:appActivity: com.buddysapp.MainActivity, appium:appPackage: com.buddysapp.dev.revamp, appium:autoAcceptAlerts: true, appium:autoDismissAlerts: true, appium:autoGrantPermissions: true, appium:automationName: UiAutomator2, appium:databaseEnabled: false, appium:desired: {appActivity: com.buddysapp.MainActivity, appPackage: com.buddysapp.dev.revamp, autoAcceptAlerts: true, autoDismissAlerts: true, autoGrantPermissions: true, automationName: UiAutomator2, deviceName: RFCT20FMQYN, fullReset: false, newCommandTimeout: 100000, noReset: true, platformName: ANDROID, unicodeKeyboard: true}, appium:deviceApiLevel: 33, appium:deviceManufacturer: samsung, appium:deviceModel: SM-N981B, appium:deviceName: RFCT20FMQYN, appium:deviceScreenDensity: 450, appium:deviceScreenSize: 1080x2400, appium:deviceUDID: RFCT20FMQYN, appium:fullReset: false, appium:javascriptEnabled: true, appium:locationContextEnabled: false, appium:networkConnectionEnabled: true, appium:newCommandTimeout: 100000, appium:noReset: true, appium:pixelRatio: 2.8125, appium:platformVersion: 13, appium:statBarHeight: 92, appium:takesScreenshot: true, appium:unicodeKeyboard: true, appium:viewportRect: {height: 2308, left: 0, top: 92, width: 1080}, appium:warnings: {}, appium:webStorageEnabled: false, platformName: ANDROID}
Session ID: c7101d4a-88fb-4d00-a742-257d4d78fe5e]]>
            </message>
            <full-stacktrace>
              <![CDATA[org.openqa.selenium.TimeoutException: Expected condition failed: waiting for visibility of element located by By.xpath: //android.widget.TextView[@text="User does not exist"] (tried for 100 second(s) with 500 milliseconds interval)
Build info: version: '4.15.0', revision: '1d14b5521b'
System info: os.name: 'Windows 11', os.arch: 'amd64', os.version: '10.0', java.version: '21.0.7'
Driver info: io.appium.java_client.android.AndroidDriver
Capabilities {appium:appActivity: com.buddysapp.MainActivity, appium:appPackage: com.buddysapp.dev.revamp, appium:autoAcceptAlerts: true, appium:autoDismissAlerts: true, appium:autoGrantPermissions: true, appium:automationName: UiAutomator2, appium:databaseEnabled: false, appium:desired: {appActivity: com.buddysapp.MainActivity, appPackage: com.buddysapp.dev.revamp, autoAcceptAlerts: true, autoDismissAlerts: true, autoGrantPermissions: true, automationName: UiAutomator2, deviceName: RFCT20FMQYN, fullReset: false, newCommandTimeout: 100000, noReset: true, platformName: ANDROID, unicodeKeyboard: true}, appium:deviceApiLevel: 33, appium:deviceManufacturer: samsung, appium:deviceModel: SM-N981B, appium:deviceName: RFCT20FMQYN, appium:deviceScreenDensity: 450, appium:deviceScreenSize: 1080x2400, appium:deviceUDID: RFCT20FMQYN, appium:fullReset: false, appium:javascriptEnabled: true, appium:locationContextEnabled: false, appium:networkConnectionEnabled: true, appium:newCommandTimeout: 100000, appium:noReset: true, appium:pixelRatio: 2.8125, appium:platformVersion: 13, appium:statBarHeight: 92, appium:takesScreenshot: true, appium:unicodeKeyboard: true, appium:viewportRect: {height: 2308, left: 0, top: 92, width: 1080}, appium:warnings: {}, appium:webStorageEnabled: false, platformName: ANDROID}
Session ID: c7101d4a-88fb-4d00-a742-257d4d78fe5e
at org.openqa.selenium.support.ui.WebDriverWait.timeoutException(WebDriverWait.java:84)
at org.openqa.selenium.support.ui.FluentWait.until(FluentWait.java:229)
at com.alghurair.mobile.Mobile.waitUntilVisibilityOfElement(Mobile.java:179)
at com.agi.mobile.pages.LoginPage.validateInvalidDriverLogin(LoginPage.java:112)
at com.agi.mobile.suites.sanitypack.Sanity_Suite.loginInvalidDriverID(Sanity_Suite.java:56)
at java.base/jdk.internal.reflect.DirectMethodHandleAccessor.invoke(DirectMethodHandleAccessor.java:103)
at java.base/java.lang.reflect.Method.invoke(Method.java:580)
at org.testng.internal.invokers.MethodInvocationHelper.invokeMethod(MethodInvocationHelper.java:139)
at org.testng.internal.invokers.TestInvoker.invokeMethod(TestInvoker.java:664)
at org.testng.internal.invokers.TestInvoker.invokeTestMethod(TestInvoker.java:227)
at org.testng.internal.invokers.MethodRunner.runInSequence(MethodRunner.java:50)
at org.testng.internal.invokers.TestInvoker$MethodInvocationAgent.invoke(TestInvoker.java:957)
at org.testng.internal.invokers.TestInvoker.invokeTestMethods(TestInvoker.java:200)
at org.testng.internal.invokers.TestMethodWorker.invokeTestMethods(TestMethodWorker.java:148)
at org.testng.internal.invokers.TestMethodWorker.run(TestMethodWorker.java:128)
at java.base/java.util.concurrent.ThreadPoolExecutor.runWorker(ThreadPoolExecutor.java:1144)
at java.base/java.util.concurrent.ThreadPoolExecutor$Worker.run(ThreadPoolExecutor.java:642)
at java.base/java.lang.Thread.run(Thread.java:1583)
]]>
            </full-stacktrace>
          </exception> <!-- org.openqa.selenium.TimeoutException -->
          <reporter-output>
          </reporter-output>
        </test-method> <!-- loginInvalidDriverID -->
        <test-method is-config="true" signature="afterMethod()[pri:0, instance:com.agi.mobile.suites.sanitypack.Sanity_Suite@2a728076]" started-at="2025-08-06T10:26:15 GST" name="afterMethod" finished-at="2025-08-06T10:26:15 GST" duration-ms="372" status="PASS">
          <reporter-output>
          </reporter-output>
        </test-method> <!-- afterMethod -->
        <test-method is-config="true" signature="beforeMethod(org.testng.ITestResult,org.testng.ITestContext,[Ljava.lang.Object;)[pri:0, instance:com.agi.mobile.suites.sanitypack.Sanity_Suite@2a728076]" started-at="2025-08-06T10:26:15 GST" name="beforeMethod" finished-at="2025-08-06T10:26:18 GST" duration-ms="2662" status="PASS">
          <params>
            <param index="0">
              <value>
                <![CDATA[[TestResult name={null} status=CREATED method=Sanity_Suite.loginInvalidOtp(java.util.Map)[pri:7, instance:com.agi.mobile.suites.sanitypack.Sanity_Suite@2a728076] output={null}]]]>
              </value>
            </param>
            <param index="1">
              <value>
                <![CDATA[org.testng.TestRunner@50ccd6a]]>
              </value>
            </param>
            <param index="2">
              <value>
                <![CDATA[[Ljava.lang.Object;@5a640f98]]>
              </value>
            </param>
          </params>
          <reporter-output>
          </reporter-output>
        </test-method> <!-- beforeMethod -->
        <test-method signature="loginInvalidOtp(java.util.Map)[pri:7, instance:com.agi.mobile.suites.sanitypack.Sanity_Suite@2a728076]" started-at="2025-08-06T10:26:18 GST" name="loginInvalidOtp" description="Scenario: Login with invalid OTP on Mobile
- Given a mobile user has requested an OTP
- When the user enters an invalid or expired OTP
- Then an error message should be shown indicating the OTP is invalid or expired" data-provider="testDataProvider" finished-at="2025-08-06T10:26:41 GST" duration-ms="23370" status="PASS">
          <params>
            <param index="0">
              <value>
                <![CDATA[{Driverid=3114791, OTP=, InvalidOTP=111111, Reference=InvalidOtp}]]>
              </value>
            </param>
          </params>
          <reporter-output>
          </reporter-output>
        </test-method> <!-- loginInvalidOtp -->
        <test-method is-config="true" signature="afterMethod()[pri:0, instance:com.agi.mobile.suites.sanitypack.Sanity_Suite@2a728076]" started-at="2025-08-06T10:26:41 GST" name="afterMethod" finished-at="2025-08-06T10:26:42 GST" duration-ms="378" status="PASS">
          <reporter-output>
          </reporter-output>
        </test-method> <!-- afterMethod -->
        <test-method is-config="true" signature="afterSuite()[pri:0, instance:com.agi.mobile.suites.sanitypack.Sanity_Suite@2a728076]" started-at="2025-08-06T10:26:42 GST" name="afterSuite" finished-at="2025-08-06T10:26:42 GST" duration-ms="0" status="PASS">
          <reporter-output>
          </reporter-output>
        </test-method> <!-- afterSuite -->
      </class> <!-- com.agi.mobile.suites.sanitypack.Sanity_Suite -->
      <class name="com.agi.web.login.TC01_Web_LoginValid">
        <test-method is-config="true" signature="beforeSuite()[pri:0, instance:com.agi.web.login.TC01_Web_LoginValid@1ee5792a]" started-at="2025-08-06T10:23:39 GST" name="beforeSuite" finished-at="2025-08-06T10:23:39 GST" duration-ms="112" status="PASS">
          <reporter-output>
          </reporter-output>
        </test-method> <!-- beforeSuite -->
        <test-method is-config="true" signature="beforeSuiteRewaa()[pri:0, instance:com.agi.web.login.TC01_Web_LoginValid@1ee5792a]" started-at="2025-08-06T10:23:39 GST" name="beforeSuiteRewaa" finished-at="2025-08-06T10:23:39 GST" depends-on-methods="com.alghurair.base.WebBaseTest.beforeSuite" duration-ms="5" status="PASS">
          <reporter-output>
          </reporter-output>
        </test-method> <!-- beforeSuiteRewaa -->
        <test-method is-config="true" signature="afterSuite()[pri:0, instance:com.agi.web.login.TC01_Web_LoginValid@1ee5792a]" started-at="2025-08-06T10:26:42 GST" name="afterSuite" finished-at="2025-08-06T10:26:42 GST" duration-ms="0" status="PASS">
          <reporter-output>
          </reporter-output>
        </test-method> <!-- afterSuite -->
      </class> <!-- com.agi.web.login.TC01_Web_LoginValid -->
    </test> <!-- All Web Tests -->
  </suite> <!-- Test Suite -->
</testng-results>
