<?xml version="1.0" encoding="UTF-8"?>
<!-- Generated by org.testng.reporters.JUnitReportReporter -->
<testsuite hostname="AGI018865" failures="0" tests="2" name="com.agi.web.login.TC01_Web_LoginValid" time="16.986" errors="0" timestamp="2025-10-01T17:11:51 GST" skipped="1">
  <testcase classname="com.agi.web.login.TC01_Web_LoginValid" name="loginValid" time="16.986"/>
  <testcase classname="com.agi.web.login.TC01_Web_LoginValid" name="cafmtestcheck">
    <skipped/>
  </testcase> <!-- cafmtestcheck -->
</testsuite> <!-- com.agi.web.login.TC01_Web_LoginValid -->
