<?xml version="1.0" encoding="UTF-8"?>
<!-- Generated by org.testng.reporters.JUnitReportReporter -->
<testsuite hostname="AGI018865" failures="0" tests="10" name="com.agi.api.suites.regressionpack.RelyApp" time="21.853" errors="0" timestamp="2025-10-01T17:00:49 GST" skipped="0">
  <testcase classname="com.agi.api.suites.regressionpack.RelyApp" name="retrieveEmployeeDetails" time="5.934"/>
  <testcase classname="com.agi.api.suites.regressionpack.RelyApp" name="addEmergencyContact" time="2.479"/>
  <testcase classname="com.agi.api.suites.regressionpack.RelyApp" name="retrieveEmergencyContactsDetail" time="2.233"/>
  <testcase classname="com.agi.api.suites.regressionpack.RelyApp" name="retrieveEmployeeRecordPassPort" time="1.323"/>
  <testcase classname="com.agi.api.suites.regressionpack.RelyApp" name="retrieveEmployeeRecordEmiratesID" time="1.295"/>
  <testcase classname="com.agi.api.suites.regressionpack.RelyApp" name="retrieveEmployeeRecordResidenceVisa" time="1.390"/>
  <testcase classname="com.agi.api.suites.regressionpack.RelyApp" name="retrieveEmployeeRecordSalaryCertificate" time="3.000"/>
  <testcase classname="com.agi.api.suites.regressionpack.RelyApp" name="retrieveEmployeeRecordDriversLicense" time="1.985"/>
  <testcase classname="com.agi.api.suites.regressionpack.RelyApp" name="retrieveEmployeeRecordHealthInsurance" time="1.148"/>
  <testcase classname="com.agi.api.suites.regressionpack.RelyApp" name="retrieveEmployeeRecordWorkPermit" time="1.066"/>
</testsuite> <!-- com.agi.api.suites.regressionpack.RelyApp -->
