<?xml version="1.0" encoding="UTF-8"?>
<!-- Generated by org.testng.reporters.JUnitReportReporter -->
<testsuite hostname="AGI018865" failures="0" tests="3" name="com.agi.mobile.suites.sanitypack.sanitySuite" time="82.743" errors="0" timestamp="2025-09-26T15:32:00 GST" skipped="0">
  <testcase classname="com.agi.mobile.suites.sanitypack.sanitySuite" name="loginValidDriverID" time="50.771"/>
  <testcase classname="com.agi.mobile.suites.sanitypack.sanitySuite" name="loginInvalidDriverID" time="8.484"/>
  <testcase classname="com.agi.mobile.suites.sanitypack.sanitySuite" name="loginInvalidOtp" time="23.488"/>
</testsuite> <!-- com.agi.mobile.suites.sanitypack.sanitySuite -->
