<?xml version="1.0" encoding="UTF-8"?>
<!-- Generated by org.testng.reporters.JUnitReportReporter -->
<testsuite hostname="AGI018865" failures="0" tests="4" name="com.agi.mobile.suites.sanitypack.sanitySuite" time="312.502" errors="3" timestamp="2025-10-09T11:22:48 GST" skipped="1">
  <testcase classname="com.agi.mobile.suites.sanitypack.sanitySuite" name="loginValidDriverID" time="102.437">
    <error message="An unknown server-side error occurred while processing the command. Original error: &#039;POST /element&#039; cannot be proxied to UiAutomator2 server because the instrumentation process is not running (probably crashed). Check the server log and/or the logcat output for more details
Build info: version: &#039;4.15.0&#039;, revision: &#039;1d14b5521b&#039;
System info: os.name: &#039;Windows 11&#039;, os.arch: &#039;amd64&#039;, os.version: &#039;10.0&#039;, java.version: &#039;21.0.7&#039;
Driver info: io.appium.java_client.android.AndroidDriver
Command: [a8dcbbfb-fe8e-438f-a3aa-588a86692d92, findElement {using=xpath, value=//android.widget.TextView[@text=&#039;UAT&#039;]}]
Capabilities {appium:appActivity: com.relyapp.MainActivity, appium:appPackage: com.relyapp, appium:autoAcceptAlerts: true, appium:autoDismissAlerts: true, appium:autoGrantPermissions: true, appium:automationName: UiAutomator2, appium:databaseEnabled: false, appium:desired: {appActivity: com.relyapp.MainActivity, appPackage: com.relyapp, autoAcceptAlerts: true, autoDismissAlerts: true, autoGrantPermissions: true, automationName: UiAutomator2, deviceName: RFCT20FMQYN, fullReset: false, newCommandTimeout: 100000, noReset: true, platformName: ANDROID, skipServerInstallation: false, unicodeKeyboard: true}, appium:deviceApiLevel: 33, appium:deviceManufacturer: samsung, appium:deviceModel: SM-N981B, appium:deviceName: RFCT20FMQYN, appium:deviceScreenDensity: 450, appium:deviceScreenSize: 1080x2400, appium:deviceUDID: RFCT20FMQYN, appium:fullReset: false, appium:javascriptEnabled: true, appium:locationContextEnabled: false, appium:networkConnectionEnabled: true, appium:newCommandTimeout: 100000, appium:noReset: true, appium:pixelRatio: 2.8125, appium:platformVersion: 13, appium:skipServerInstallation: false, appium:statBarHeight: 92, appium:takesScreenshot: true, appium:unicodeKeyboard: true, appium:viewportRect: {height: 2308, left: 0, top: 92, width: 1080}, appium:warnings: {}, appium:webStorageEnabled: false, platformName: ANDROID}
Session ID: a8dcbbfb-fe8e-438f-a3aa-588a86692d92" type="org.openqa.selenium.WebDriverException">
      <![CDATA[org.openqa.selenium.WebDriverException: An unknown server-side error occurred while processing the command. Original error: 'POST /element' cannot be proxied to UiAutomator2 server because the instrumentation process is not running (probably crashed). Check the server log and/or the logcat output for more details
Build info: version: '4.15.0', revision: '1d14b5521b'
System info: os.name: 'Windows 11', os.arch: 'amd64', os.version: '10.0', java.version: '21.0.7'
Driver info: io.appium.java_client.android.AndroidDriver
Command: [a8dcbbfb-fe8e-438f-a3aa-588a86692d92, findElement {using=xpath, value=//android.widget.TextView[@text='UAT']}]
Capabilities {appium:appActivity: com.relyapp.MainActivity, appium:appPackage: com.relyapp, appium:autoAcceptAlerts: true, appium:autoDismissAlerts: true, appium:autoGrantPermissions: true, appium:automationName: UiAutomator2, appium:databaseEnabled: false, appium:desired: {appActivity: com.relyapp.MainActivity, appPackage: com.relyapp, autoAcceptAlerts: true, autoDismissAlerts: true, autoGrantPermissions: true, automationName: UiAutomator2, deviceName: RFCT20FMQYN, fullReset: false, newCommandTimeout: 100000, noReset: true, platformName: ANDROID, skipServerInstallation: false, unicodeKeyboard: true}, appium:deviceApiLevel: 33, appium:deviceManufacturer: samsung, appium:deviceModel: SM-N981B, appium:deviceName: RFCT20FMQYN, appium:deviceScreenDensity: 450, appium:deviceScreenSize: 1080x2400, appium:deviceUDID: RFCT20FMQYN, appium:fullReset: false, appium:javascriptEnabled: true, appium:locationContextEnabled: false, appium:networkConnectionEnabled: true, appium:newCommandTimeout: 100000, appium:noReset: true, appium:pixelRatio: 2.8125, appium:platformVersion: 13, appium:skipServerInstallation: false, appium:statBarHeight: 92, appium:takesScreenshot: true, appium:unicodeKeyboard: true, appium:viewportRect: {height: 2308, left: 0, top: 92, width: 1080}, appium:warnings: {}, appium:webStorageEnabled: false, platformName: ANDROID}
Session ID: a8dcbbfb-fe8e-438f-a3aa-588a86692d92
at java.base/jdk.internal.reflect.DirectConstructorHandleAccessor.newInstance(DirectConstructorHandleAccessor.java:62)
at java.base/java.lang.reflect.Constructor.newInstanceWithCaller(Constructor.java:502)
at java.base/java.lang.reflect.Constructor.newInstance(Constructor.java:486)
at org.openqa.selenium.remote.codec.w3c.W3CHttpResponseCodec.createException(W3CHttpResponseCodec.java:200)
at org.openqa.selenium.remote.codec.w3c.W3CHttpResponseCodec.decode(W3CHttpResponseCodec.java:133)
at org.openqa.selenium.remote.codec.w3c.W3CHttpResponseCodec.decode(W3CHttpResponseCodec.java:52)
at org.openqa.selenium.remote.HttpCommandExecutor.execute(HttpCommandExecutor.java:191)
at io.appium.java_client.remote.AppiumCommandExecutor.execute(AppiumCommandExecutor.java:238)
at org.openqa.selenium.remote.RemoteWebDriver.execute(RemoteWebDriver.java:607)
at org.openqa.selenium.remote.ElementLocation$ElementFinder$2.findElement(ElementLocation.java:165)
at org.openqa.selenium.remote.ElementLocation.findElement(ElementLocation.java:59)
at org.openqa.selenium.remote.RemoteWebDriver.findElement(RemoteWebDriver.java:364)
at org.openqa.selenium.remote.RemoteWebDriver.findElement(RemoteWebDriver.java:358)
at org.openqa.selenium.support.ui.ExpectedConditions$7.apply(ExpectedConditions.java:194)
at org.openqa.selenium.support.ui.ExpectedConditions$7.apply(ExpectedConditions.java:190)
at org.openqa.selenium.support.ui.ExpectedConditions$22.apply(ExpectedConditions.java:627)
at org.openqa.selenium.support.ui.ExpectedConditions$22.apply(ExpectedConditions.java:624)
at org.openqa.selenium.support.ui.FluentWait.until(FluentWait.java:204)
at com.alghurair.mobile.Mobile.waitUntilElementToBeClickable(Mobile.java:200)
at com.agi.mobile.pages.LoginPage.clickUAT(LoginPage.java:74)
at com.agi.mobile.pages.LoginPage.selectEnvironment(LoginPage.java:100)
at com.agi.mobile.suites.sanitypack.sanitySuite.loginValidDriverID(sanitySuite.java:22)
at java.base/jdk.internal.reflect.DirectMethodHandleAccessor.invoke(DirectMethodHandleAccessor.java:103)
at java.base/java.lang.reflect.Method.invoke(Method.java:580)
at org.testng.internal.invokers.MethodInvocationHelper.invokeMethod(MethodInvocationHelper.java:139)
at org.testng.internal.invokers.TestInvoker.invokeMethod(TestInvoker.java:664)
at org.testng.internal.invokers.TestInvoker.invokeTestMethod(TestInvoker.java:227)
at org.testng.internal.invokers.MethodRunner.runInSequence(MethodRunner.java:50)
at org.testng.internal.invokers.TestInvoker$MethodInvocationAgent.invoke(TestInvoker.java:957)
at org.testng.internal.invokers.TestInvoker.invokeTestMethods(TestInvoker.java:200)
at org.testng.internal.invokers.TestMethodWorker.invokeTestMethods(TestMethodWorker.java:148)
at org.testng.internal.invokers.TestMethodWorker.run(TestMethodWorker.java:128)
at java.base/java.util.concurrent.ThreadPoolExecutor.runWorker(ThreadPoolExecutor.java:1144)
at java.base/java.util.concurrent.ThreadPoolExecutor$Worker.run(ThreadPoolExecutor.java:642)
at java.base/java.lang.Thread.run(Thread.java:1583)
]]>
    </error>
  </testcase> <!-- loginValidDriverID -->
  <testcase classname="com.agi.mobile.suites.sanitypack.sanitySuite" name="loginInvalidDriverID" time="103.435">
    <error message="Expected condition failed: waiting for element to be clickable: By.xpath: //android.widget.TextView[@text=&#039;UAT&#039;] (tried for 100 second(s) with 500 milliseconds interval)
Build info: version: &#039;4.15.0&#039;, revision: &#039;1d14b5521b&#039;
System info: os.name: &#039;Windows 11&#039;, os.arch: &#039;amd64&#039;, os.version: &#039;10.0&#039;, java.version: &#039;21.0.7&#039;
Driver info: io.appium.java_client.android.AndroidDriver
Capabilities {appium:appActivity: com.relyapp.MainActivity, appium:appPackage: com.relyapp, appium:autoAcceptAlerts: true, appium:autoDismissAlerts: true, appium:autoGrantPermissions: true, appium:automationName: UiAutomator2, appium:databaseEnabled: false, appium:desired: {appActivity: com.relyapp.MainActivity, appPackage: com.relyapp, autoAcceptAlerts: true, autoDismissAlerts: true, autoGrantPermissions: true, automationName: UiAutomator2, deviceName: RFCT20FMQYN, fullReset: false, newCommandTimeout: 100000, noReset: true, platformName: ANDROID, skipServerInstallation: false, unicodeKeyboard: true}, appium:deviceApiLevel: 33, appium:deviceManufacturer: samsung, appium:deviceModel: SM-N981B, appium:deviceName: RFCT20FMQYN, appium:deviceScreenDensity: 450, appium:deviceScreenSize: 1080x2400, appium:deviceUDID: RFCT20FMQYN, appium:fullReset: false, appium:javascriptEnabled: true, appium:locationContextEnabled: false, appium:networkConnectionEnabled: true, appium:newCommandTimeout: 100000, appium:noReset: true, appium:pixelRatio: 2.8125, appium:platformVersion: 13, appium:skipServerInstallation: false, appium:statBarHeight: 92, appium:takesScreenshot: true, appium:unicodeKeyboard: true, appium:viewportRect: {height: 2308, left: 0, top: 92, width: 1080}, appium:warnings: {}, appium:webStorageEnabled: false, platformName: ANDROID}
Session ID: c24e4762-f32d-42e5-b10c-03888785b2f7" type="org.openqa.selenium.TimeoutException">
      <![CDATA[org.openqa.selenium.TimeoutException: Expected condition failed: waiting for element to be clickable: By.xpath: //android.widget.TextView[@text='UAT'] (tried for 100 second(s) with 500 milliseconds interval)
Build info: version: '4.15.0', revision: '1d14b5521b'
System info: os.name: 'Windows 11', os.arch: 'amd64', os.version: '10.0', java.version: '21.0.7'
Driver info: io.appium.java_client.android.AndroidDriver
Capabilities {appium:appActivity: com.relyapp.MainActivity, appium:appPackage: com.relyapp, appium:autoAcceptAlerts: true, appium:autoDismissAlerts: true, appium:autoGrantPermissions: true, appium:automationName: UiAutomator2, appium:databaseEnabled: false, appium:desired: {appActivity: com.relyapp.MainActivity, appPackage: com.relyapp, autoAcceptAlerts: true, autoDismissAlerts: true, autoGrantPermissions: true, automationName: UiAutomator2, deviceName: RFCT20FMQYN, fullReset: false, newCommandTimeout: 100000, noReset: true, platformName: ANDROID, skipServerInstallation: false, unicodeKeyboard: true}, appium:deviceApiLevel: 33, appium:deviceManufacturer: samsung, appium:deviceModel: SM-N981B, appium:deviceName: RFCT20FMQYN, appium:deviceScreenDensity: 450, appium:deviceScreenSize: 1080x2400, appium:deviceUDID: RFCT20FMQYN, appium:fullReset: false, appium:javascriptEnabled: true, appium:locationContextEnabled: false, appium:networkConnectionEnabled: true, appium:newCommandTimeout: 100000, appium:noReset: true, appium:pixelRatio: 2.8125, appium:platformVersion: 13, appium:skipServerInstallation: false, appium:statBarHeight: 92, appium:takesScreenshot: true, appium:unicodeKeyboard: true, appium:viewportRect: {height: 2308, left: 0, top: 92, width: 1080}, appium:warnings: {}, appium:webStorageEnabled: false, platformName: ANDROID}
Session ID: c24e4762-f32d-42e5-b10c-03888785b2f7
at org.openqa.selenium.support.ui.WebDriverWait.timeoutException(WebDriverWait.java:84)
at org.openqa.selenium.support.ui.FluentWait.until(FluentWait.java:229)
at com.alghurair.mobile.Mobile.waitUntilElementToBeClickable(Mobile.java:200)
at com.agi.mobile.pages.LoginPage.clickUAT(LoginPage.java:74)
at com.agi.mobile.pages.LoginPage.selectEnvironment(LoginPage.java:100)
at com.agi.mobile.suites.sanitypack.sanitySuite.loginInvalidDriverID(sanitySuite.java:52)
at java.base/jdk.internal.reflect.DirectMethodHandleAccessor.invoke(DirectMethodHandleAccessor.java:103)
at java.base/java.lang.reflect.Method.invoke(Method.java:580)
at org.testng.internal.invokers.MethodInvocationHelper.invokeMethod(MethodInvocationHelper.java:139)
at org.testng.internal.invokers.TestInvoker.invokeMethod(TestInvoker.java:664)
at org.testng.internal.invokers.TestInvoker.invokeTestMethod(TestInvoker.java:227)
at org.testng.internal.invokers.MethodRunner.runInSequence(MethodRunner.java:50)
at org.testng.internal.invokers.TestInvoker$MethodInvocationAgent.invoke(TestInvoker.java:957)
at org.testng.internal.invokers.TestInvoker.invokeTestMethods(TestInvoker.java:200)
at org.testng.internal.invokers.TestMethodWorker.invokeTestMethods(TestMethodWorker.java:148)
at org.testng.internal.invokers.TestMethodWorker.run(TestMethodWorker.java:128)
at java.base/java.util.concurrent.ThreadPoolExecutor.runWorker(ThreadPoolExecutor.java:1144)
at java.base/java.util.concurrent.ThreadPoolExecutor$Worker.run(ThreadPoolExecutor.java:642)
at java.base/java.lang.Thread.run(Thread.java:1583)
]]>
    </error>
  </testcase> <!-- loginInvalidDriverID -->
  <testcase classname="com.agi.mobile.suites.sanitypack.sanitySuite" name="loginInvalidOtp" time="106.630">
    <error message="Expected condition failed: waiting for element to be clickable: By.xpath: //android.widget.TextView[@text=&#039;UAT&#039;] (tried for 100 second(s) with 500 milliseconds interval)
Build info: version: &#039;4.15.0&#039;, revision: &#039;1d14b5521b&#039;
System info: os.name: &#039;Windows 11&#039;, os.arch: &#039;amd64&#039;, os.version: &#039;10.0&#039;, java.version: &#039;21.0.7&#039;
Driver info: io.appium.java_client.android.AndroidDriver
Capabilities {appium:appActivity: com.relyapp.MainActivity, appium:appPackage: com.relyapp, appium:autoAcceptAlerts: true, appium:autoDismissAlerts: true, appium:autoGrantPermissions: true, appium:automationName: UiAutomator2, appium:databaseEnabled: false, appium:desired: {appActivity: com.relyapp.MainActivity, appPackage: com.relyapp, autoAcceptAlerts: true, autoDismissAlerts: true, autoGrantPermissions: true, automationName: UiAutomator2, deviceName: RFCT20FMQYN, fullReset: false, newCommandTimeout: 100000, noReset: true, platformName: ANDROID, skipServerInstallation: false, unicodeKeyboard: true}, appium:deviceApiLevel: 33, appium:deviceManufacturer: samsung, appium:deviceModel: SM-N981B, appium:deviceName: RFCT20FMQYN, appium:deviceScreenDensity: 450, appium:deviceScreenSize: 1080x2400, appium:deviceUDID: RFCT20FMQYN, appium:fullReset: false, appium:javascriptEnabled: true, appium:locationContextEnabled: false, appium:networkConnectionEnabled: true, appium:newCommandTimeout: 100000, appium:noReset: true, appium:pixelRatio: 2.8125, appium:platformVersion: 13, appium:skipServerInstallation: false, appium:statBarHeight: 92, appium:takesScreenshot: true, appium:unicodeKeyboard: true, appium:viewportRect: {height: 2308, left: 0, top: 92, width: 1080}, appium:warnings: {}, appium:webStorageEnabled: false, platformName: ANDROID}
Session ID: 321d914f-7bcb-4121-9243-e661dcb73566" type="org.openqa.selenium.TimeoutException">
      <![CDATA[org.openqa.selenium.TimeoutException: Expected condition failed: waiting for element to be clickable: By.xpath: //android.widget.TextView[@text='UAT'] (tried for 100 second(s) with 500 milliseconds interval)
Build info: version: '4.15.0', revision: '1d14b5521b'
System info: os.name: 'Windows 11', os.arch: 'amd64', os.version: '10.0', java.version: '21.0.7'
Driver info: io.appium.java_client.android.AndroidDriver
Capabilities {appium:appActivity: com.relyapp.MainActivity, appium:appPackage: com.relyapp, appium:autoAcceptAlerts: true, appium:autoDismissAlerts: true, appium:autoGrantPermissions: true, appium:automationName: UiAutomator2, appium:databaseEnabled: false, appium:desired: {appActivity: com.relyapp.MainActivity, appPackage: com.relyapp, autoAcceptAlerts: true, autoDismissAlerts: true, autoGrantPermissions: true, automationName: UiAutomator2, deviceName: RFCT20FMQYN, fullReset: false, newCommandTimeout: 100000, noReset: true, platformName: ANDROID, skipServerInstallation: false, unicodeKeyboard: true}, appium:deviceApiLevel: 33, appium:deviceManufacturer: samsung, appium:deviceModel: SM-N981B, appium:deviceName: RFCT20FMQYN, appium:deviceScreenDensity: 450, appium:deviceScreenSize: 1080x2400, appium:deviceUDID: RFCT20FMQYN, appium:fullReset: false, appium:javascriptEnabled: true, appium:locationContextEnabled: false, appium:networkConnectionEnabled: true, appium:newCommandTimeout: 100000, appium:noReset: true, appium:pixelRatio: 2.8125, appium:platformVersion: 13, appium:skipServerInstallation: false, appium:statBarHeight: 92, appium:takesScreenshot: true, appium:unicodeKeyboard: true, appium:viewportRect: {height: 2308, left: 0, top: 92, width: 1080}, appium:warnings: {}, appium:webStorageEnabled: false, platformName: ANDROID}
Session ID: 321d914f-7bcb-4121-9243-e661dcb73566
at org.openqa.selenium.support.ui.WebDriverWait.timeoutException(WebDriverWait.java:84)
at org.openqa.selenium.support.ui.FluentWait.until(FluentWait.java:229)
at com.alghurair.mobile.Mobile.waitUntilElementToBeClickable(Mobile.java:200)
at com.agi.mobile.pages.LoginPage.clickUAT(LoginPage.java:74)
at com.agi.mobile.pages.LoginPage.selectEnvironment(LoginPage.java:100)
at com.agi.mobile.suites.sanitypack.sanitySuite.loginInvalidOtp(sanitySuite.java:68)
at java.base/jdk.internal.reflect.DirectMethodHandleAccessor.invoke(DirectMethodHandleAccessor.java:103)
at java.base/java.lang.reflect.Method.invoke(Method.java:580)
at org.testng.internal.invokers.MethodInvocationHelper.invokeMethod(MethodInvocationHelper.java:139)
at org.testng.internal.invokers.TestInvoker.invokeMethod(TestInvoker.java:664)
at org.testng.internal.invokers.TestInvoker.invokeTestMethod(TestInvoker.java:227)
at org.testng.internal.invokers.MethodRunner.runInSequence(MethodRunner.java:50)
at org.testng.internal.invokers.TestInvoker$MethodInvocationAgent.invoke(TestInvoker.java:957)
at org.testng.internal.invokers.TestInvoker.invokeTestMethods(TestInvoker.java:200)
at org.testng.internal.invokers.TestMethodWorker.invokeTestMethods(TestMethodWorker.java:148)
at org.testng.internal.invokers.TestMethodWorker.run(TestMethodWorker.java:128)
at java.base/java.util.concurrent.ThreadPoolExecutor.runWorker(ThreadPoolExecutor.java:1144)
at java.base/java.util.concurrent.ThreadPoolExecutor$Worker.run(ThreadPoolExecutor.java:642)
at java.base/java.lang.Thread.run(Thread.java:1583)
]]>
    </error>
  </testcase> <!-- loginInvalidOtp -->
  <testcase classname="com.agi.mobile.suites.sanitypack.sanitySuite" name="entryPointScreenValidation">
    <skipped/>
  </testcase> <!-- entryPointScreenValidation -->
</testsuite> <!-- com.agi.mobile.suites.sanitypack.sanitySuite -->
