<?xml version="1.0" encoding="UTF-8"?>
<!-- Generated by org.testng.reporters.JUnitReportReporter -->
<testsuite hostname="AGI018865" failures="0" tests="10" name="com.agi.api.suites.regressionpack.RelyApp" time="20.519" errors="0" timestamp="2025-10-08T11:36:42 GST" skipped="0">
  <testcase classname="com.agi.api.suites.regressionpack.RelyApp" name="retrieveEmployeeDetails" time="4.783"/>
  <testcase classname="com.agi.api.suites.regressionpack.RelyApp" name="addEmergencyContact" time="3.486"/>
  <testcase classname="com.agi.api.suites.regressionpack.RelyApp" name="retrieveEmergencyContactsDetail" time="2.966"/>
  <testcase classname="com.agi.api.suites.regressionpack.RelyApp" name="retrieveEmployeeRecordPassPort" time="2.081"/>
  <testcase classname="com.agi.api.suites.regressionpack.RelyApp" name="retrieveEmployeeRecordEmiratesID" time="1.475"/>
  <testcase classname="com.agi.api.suites.regressionpack.RelyApp" name="retrieveEmployeeRecordResidenceVisa" time="0.975"/>
  <testcase classname="com.agi.api.suites.regressionpack.RelyApp" name="retrieveEmployeeRecordSalaryCertificate" time="1.127"/>
  <testcase classname="com.agi.api.suites.regressionpack.RelyApp" name="retrieveEmployeeRecordDriversLicense" time="1.271"/>
  <testcase classname="com.agi.api.suites.regressionpack.RelyApp" name="retrieveEmployeeRecordHealthInsurance" time="1.142"/>
  <testcase classname="com.agi.api.suites.regressionpack.RelyApp" name="retrieveEmployeeRecordWorkPermit" time="1.213"/>
</testsuite> <!-- com.agi.api.suites.regressionpack.RelyApp -->
