<?xml version="1.0" encoding="UTF-8"?>
<!-- Generated by org.testng.reporters.JUnitReportReporter -->
<testsuite hostname="AGI018865" failures="0" tests="1" name="com.agi.api.suites.TC02_API_LoginInvalid" time="0.317" errors="1" timestamp="2025-09-11T10:26:56 GST" skipped="0">
  <testcase classname="com.agi.api.suites.TC02_API_LoginInvalid" name="apiLoginInvalid" time="0.317">
    <error message="Http Clients are already built in order to build a new config execute Unirest.config().reset() before changing settings. 
This should be done rarely." type="kong.unirest.UnirestConfigException">
      <![CDATA[kong.unirest.UnirestConfigException: Http Clients are already built in order to build a new config execute Unirest.config().reset() before changing settings. 
This should be done rarely.
at kong.unirest.Config.validateClientsNotRunning(Config.java:656)
at kong.unirest.Config.connectTimeout(Config.java:267)
at com.alghurair.api.UnirestAPI.getResponse(UnirestAPI.java:110)
at com.agi.api.repo.LoginAPI.login(LoginAPI.java:35)
at com.agi.api.suites.TC02_API_LoginInvalid.apiLoginInvalid(TC02_API_LoginInvalid.java:19)
at java.base/jdk.internal.reflect.DirectMethodHandleAccessor.invoke(DirectMethodHandleAccessor.java:103)
at java.base/java.lang.reflect.Method.invoke(Method.java:580)
at org.testng.internal.invokers.MethodInvocationHelper.invokeMethod(MethodInvocationHelper.java:139)
at org.testng.internal.invokers.TestInvoker.invokeMethod(TestInvoker.java:664)
at org.testng.internal.invokers.TestInvoker.invokeTestMethod(TestInvoker.java:227)
at org.testng.internal.invokers.MethodRunner.runInSequence(MethodRunner.java:50)
at org.testng.internal.invokers.TestInvoker$MethodInvocationAgent.invoke(TestInvoker.java:957)
at org.testng.internal.invokers.TestInvoker.invokeTestMethods(TestInvoker.java:200)
at org.testng.internal.invokers.TestMethodWorker.invokeTestMethods(TestMethodWorker.java:148)
at org.testng.internal.invokers.TestMethodWorker.run(TestMethodWorker.java:128)
at java.base/java.util.concurrent.ThreadPoolExecutor.runWorker(ThreadPoolExecutor.java:1144)
at java.base/java.util.concurrent.ThreadPoolExecutor$Worker.run(ThreadPoolExecutor.java:642)
at java.base/java.lang.Thread.run(Thread.java:1583)
]]>
    </error>
  </testcase> <!-- apiLoginInvalid -->
</testsuite> <!-- com.agi.api.suites.TC02_API_LoginInvalid -->
